{
  "RSpec": {
    "coverage": {
      "/Users/chris/Documents/Chris/gearkata/spec/constraints/gear_list_constraint_spec.rb": [
        1,
        1,
        null,
        1,
        null,
        1,
        3,
        null,
        1,
        2,
        2,
        null,
        null,
        1,
        2,
        2,
        null,
        null,
        null,
        null
      ],
      "/Users/chris/Documents/Chris/gearkata/app/constraints/gear_list_constraint.rb": [
        1,
        1,
        2,
        2,
        null,
        null,
        1,
        null,
        1,
        2,
        null,
        null
      ],
      "/Users/chris/Documents/Chris/gearkata/spec/models/category_spec.rb": [
        1,
        null,
        1,
        null,
        1,
        1,
        2,
        2,
        null,
        null,
        1,
        2,
        null,
        null,
        null,
        null,
        null,
        1,
        2,
        2,
        null,
        null,
        1,
        2,
        2,
        null,
        null,
        1,
        2,
        2,
        null,
        null
      ],
      "/Users/chris/Documents/Chris/gearkata/spec/rails_helper.rb": [
        null,
        1,
        1,
        null,
        1,
        1,
        1,
        null,
        null,
        null,
        null,
        null,
        null,
        null,
        null,
        null,
        null,
        null,
        null,
        null,
        null,
        null,
        2,
        null,
        null,
        null,
        1,
        null,
        1,
        null,
        1,
        null,
        null,
        null,
        null,
        1,
        null,
        null,
        null,
        null,
        null,
        null,
        null,
        null,
        null,
        null,
        null,
        null,
        null,
        null,
        1,
        null
      ],
      "/Users/chris/Documents/Chris/gearkata/config/environment.rb": [
        null,
        1,
        null,
        null,
        1
      ],
      "/Users/chris/Documents/Chris/gearkata/config/application.rb": [
        1,
        1,
        null,
        1,
        null,
        null,
        null,
        1,
        null,
        1,
        1,
        null,
        null,
        null,
        null,
        null,
        null,
        null,
        null,
        null,
        null,
        null,
        null,
        null,
        1,
        null,
        null,
        1,
        1,
        null,
        null,
        1,
        null,
        null,
        null
      ],
      "/Users/chris/Documents/Chris/gearkata/config/boot.rb": [
        1,
        null,
        1
      ],
      "/Users/chris/Documents/Chris/gearkata/config/railties/welcome.rb": [
        1,
        null,
        1,
        1,
        1,
        null,
        null,
        1,
        1,
        null,
        null
      ],
      "/Users/chris/Documents/Chris/gearkata/config/environments/test.rb": [
        1,
        null,
        null,
        null,
        null,
        null,
        null,
        1,
        null,
        null,
        null,
        null,
        1,
        null,
        null,
        1,
        1,
        null,
        null,
        1,
        1,
        null,
        null,
        1,
        null,
        null,
        1,
        null,
        null,
        null,
        null,
        1,
        null,
        null,
        1,
        null,
        null,
        1,
        null,
        null,
        null,
        null
      ],
      "/Users/chris/Documents/Chris/gearkata/spec/factories/categories.rb": [
        1,
        1,
        5,
        null,
        null,
        null
      ],
      "/Users/chris/Documents/Chris/gearkata/spec/factories/expeditions.rb": [
        1,
        1,
        9,
        null,
        null,
        null
      ],
      "/Users/chris/Documents/Chris/gearkata/spec/factories/gear_list_items.rb": [
        1,
        1,
        1,
        1,
        null,
        null
      ],
      "/Users/chris/Documents/Chris/gearkata/spec/factories/gear_lists.rb": [
        1,
        1,
        12,
        null,
        null,
        null
      ],
      "/Users/chris/Documents/Chris/gearkata/spec/factories/items.rb": [
        1,
        1,
        17,
        null,
        null
      ],
      "/Users/chris/Documents/Chris/gearkata/spec/factories/users.rb": [
        1,
        1,
        19,
        1,
        1,
        null,
        null,
        null
      ],
      "/Users/chris/Documents/Chris/gearkata/config/routes.rb": [
        1,
        1,
        1,
        null,
        null,
        1,
        null,
        1,
        1,
        1,
        1,
        1,
        null,
        1,
        null,
        null,
        1,
        null,
        1,
        null
      ],
      "/Users/chris/Documents/Chris/gearkata/app/models/user.rb": [
        1,
        1,
        null,
        1,
        null,
        null,
        null,
        1,
        null,
        null,
        null,
        null,
        null,
        null,
        null,
        null,
        1,
        null,
        null,
        null,
        null,
        null,
        1,
        1,
        1,
        1,
        1,
        null,
        1,
        1,
        null,
        1,
        null,
        1,
        null,
        null,
        null,
        1,
        3,
        null,
        null,
        1,
        3,
        null,
        null,
        1,
        3,
        null,
        null,
        null,
        null,
        1,
        2,
        null,
        null,
        1,
        16,
        null,
        null,
        null,
        null,
        null
      ],
      "/Users/chris/Documents/Chris/gearkata/app/models/concerns/uuidable.rb": [
        1,
        1,
        null,
        1,
        5,
        null,
        55,
        null,
        null
      ],
      "/Users/chris/Documents/Chris/gearkata/spec/support/factory_bot.rb": [
        1,
        1,
        null
      ],
      "/Users/chris/Documents/Chris/gearkata/app/models/category.rb": [
        1,
        1,
        1,
        null,
        1,
        null,
        1,
        null,
        1,
        null,
        1,
        null,
        1,
        null,
        1,
        null,
        null,
        null,
        1,
        10,
        null,
        null,
        null,
        null,
        null
      ],
      "/Users/chris/Documents/Chris/gearkata/app/models/concerns/alphabetical.rb": [
        1,
        1,
        null,
        1,
        4,
        null,
        null
      ],
      "/Users/chris/Documents/Chris/gearkata/spec/models/expedition_spec.rb": [
        1,
        null,
        1,
        null,
        1,
        1,
        2,
        2,
        null,
        null,
        1,
        2,
        null,
        null,
        null,
        null,
        null,
        1,
        3,
        3,
        null,
        2,
        2,
        null,
        null,
        null,
        null,
        1,
        2,
        2,
        null,
        null,
        1,
        2,
        2,
        null,
        null,
        1,
        2,
        2,
        null,
        null
      ],
      "/Users/chris/Documents/Chris/gearkata/app/models/expedition.rb": [
        1,
        1,
        1,
        null,
        1,
        null,
        1,
        null,
        1,
        null,
        1,
        null,
        1,
        null,
        1,
        null,
        1,
        null,
        3,
        null,
        null,
        null,
        1,
        18,
        null,
        null,
        null,
        null,
        null,
        null
      ],
      "/Users/chris/Documents/Chris/gearkata/spec/models/gear_list_item_spec.rb": [
        1,
        null,
        1,
        null,
        1,
        1,
        2,
        null,
        null,
        1,
        2,
        null,
        null,
        null,
        null
      ],
      "/Users/chris/Documents/Chris/gearkata/app/models/gear_list_item.rb": [
        1,
        1,
        1,
        null,
        1,
        null,
        1,
        null
      ],
      "/Users/chris/Documents/Chris/gearkata/spec/models/gear_list_spec.rb": [
        1,
        null,
        1,
        null,
        1,
        1,
        2,
        2,
        null,
        null,
        1,
        2,
        null,
        null,
        null,
        null,
        null,
        1,
        3,
        3,
        null,
        2,
        2,
        null,
        null,
        null,
        null,
        1,
        3,
        null,
        2,
        2,
        null,
        null,
        1,
        2,
        2,
        null,
        null,
        1,
        2,
        2,
        2,
        null,
        4,
        null,
        2,
        null,
        null,
        1,
        2,
        2,
        null,
        null
      ],
      "/Users/chris/Documents/Chris/gearkata/app/models/gear_list.rb": [
        1,
        1,
        1,
        1,
        null,
        1,
        null,
        1,
        null,
        1,
        1,
        null,
        1,
        1,
        null,
        1,
        1,
        null,
        1,
        null,
        1,
        null,
        1,
        null,
        3,
        null,
        null,
        null,
        null,
        1,
        1,
        null,
        null,
        1,
        24,
        null,
        null,
        null,
        null,
        null
      ],
      "/Users/chris/Documents/Chris/gearkata/app/models/concerns/tokenable.rb": [
        1,
        1,
        null,
        1,
        2,
        null,
        30,
        null,
        null
      ],
      "/Users/chris/Documents/Chris/gearkata/spec/models/item_spec.rb": [
        1,
        null,
        1,
        null,
        1,
        1,
        2,
        2,
        null,
        null,
        1,
        2,
        null,
        null,
        null,
        null,
        null,
        1,
        3,
        3,
        null,
        2,
        2,
        null,
        null,
        null,
        null,
        1,
        null,
        null,
        null,
        null,
        null,
        1,
        3,
        null,
        2,
        2,
        null,
        null,
        1,
        2,
        2,
        null,
        null,
        1,
        2,
        2,
        null,
        null
      ],
      "/Users/chris/Documents/Chris/gearkata/app/models/item.rb": [
        1,
        1,
        1,
        1,
        null,
        1,
        null,
        1,
        null,
        1,
        null,
        1,
        1,
        null,
        1,
        1,
        null,
        1,
        1,
        null,
        3,
        null,
        null,
        null,
        1,
        0,
        null,
        null
      ],
      "/Users/chris/Documents/Chris/gearkata/spec/models/user_spec.rb": [
        1,
        null,
        1,
        null,
        1,
        1,
        2,
        2,
        null,
        null,
        1,
        2,
        null,
        null,
        null,
        null,
        null,
        1,
        2,
        2,
        null,
        null,
        1,
        2,
        2,
        null,
        null,
        1,
        4,
        null,
        1,
        1,
        2,
        2,
        null,
        null,
        1,
        2,
        2,
        null,
        null,
        null,
        1,
        2,
        2,
        null,
        null,
        null,
        1,
        4,
        null,
        1,
        1,
        2,
        2,
        null,
        null,
        1,
        2,
        2,
        null,
        null,
        null,
        1,
        2,
        2,
        null,
        null,
        null,
        1,
        4,
        null,
        1,
        1,
        2,
        2,
        null,
        null,
        1,
        2,
        2,
        null,
        null,
        null,
        1,
        2,
        2,
        null,
        null,
        null,
        1,
        3,
        null,
        1,
        2,
        2,
        null,
        null,
        1,
        2,
        2,
        null,
        null,
        null,
        1,
        1,
        2,
        2,
        null,
        null,
        1,
        2,
        2,
        null,
        null,
        1,
        2,
        2,
        null,
        2,
        null,
        null,
        null
      ],
      "/Users/chris/Documents/Chris/gearkata/spec/service_objects/category_array_spec.rb": [
        1,
        null,
        1,
        4,
        4,
        4,
        null,
        1,
        4,
        null,
        2,
        2,
        null,
        null,
        2,
        null,
        null
      ],
      "/Users/chris/Documents/Chris/gearkata/app/service_objects/category_array.rb": [
        1,
        1,
        null,
        1,
        12,
        9,
        null,
        null,
        null
      ],
      "/Users/chris/Documents/Chris/gearkata/spec/service_objects/color_spec.rb": [
        1,
        1,
        null,
        1,
        null,
        1,
        2,
        2,
        null,
        null
      ],
      "/Users/chris/Documents/Chris/gearkata/app/service_objects/color.rb": [
        1,
        null,
        1,
        1,
        null,
        1,
        2,
        null,
        null
      ],
      "/Users/chris/Documents/Chris/gearkata/spec/service_objects/gear_list_sorter_spec.rb": [
        1,
        null,
        1,
        2,
        2,
        2,
        null,
        2,
        null,
        null,
        5,
        null,
        1,
        null,
        2,
        null,
        null
      ],
      "/Users/chris/Documents/Chris/gearkata/app/service_objects/gear_list_sorter.rb": [
        1,
        1,
        null,
        1,
        1,
        2,
        null,
        null,
        null
      ],
      "/Users/chris/Documents/Chris/gearkata/spec/service_objects/gear_list_url_spec.rb": [
        1,
        1,
        null,
        1,
        3,
        3,
        2,
        null,
        1,
        2,
        null,
        null,
        1,
        2,
        null,
        null
      ],
      "/Users/chris/Documents/Chris/gearkata/app/service_objects/gear_list_url.rb": [
        1,
        1,
        null,
        1,
        2,
        null,
        2,
        null,
        null
      ],
      "/Users/chris/Documents/Chris/gearkata/spec/service_objects/tag_array_spec.rb": [
        1,
        null,
        1,
        4,
        4,
        4,
        null,
        1,
        4,
        null,
        2,
        2,
        null,
        null,
        2,
        null,
        null
      ],
      "/Users/chris/Documents/Chris/gearkata/app/service_objects/tag_array.rb": [
        1,
        1,
        null,
        1,
        12,
        9,
        null,
        null,
        null
      ]
    },
    "timestamp": 1520281397
  }
}
